<?xml version="1.0" encoding="UTF-8"?>
<testng-results skipped="0" failed="0" ignored="0" total="1" passed="1">
  <reporter-output>
  </reporter-output>
  <suite name="Suite" duration-ms="39" started-at="2022-12-15T06:27:30Z" finished-at="2022-12-15T06:27:30Z">
    <groups>
    </groups>
    <test name="Test" duration-ms="39" started-at="2022-12-15T06:27:30Z" finished-at="2022-12-15T06:27:30Z">
      <class name="com.vtiger.testscripts.FetchDataFromMvn">
        <test-method status="PASS" signature="test()[pri:0, instance:com.vtiger.testscripts.FetchDataFromMvn@60dcc9fe]" name="test" duration-ms="10" started-at="2022-12-15T06:27:30Z" finished-at="2022-12-15T06:27:30Z">
          <reporter-output>
          </reporter-output>
        </test-method> <!-- test -->
      </class> <!-- com.vtiger.testscripts.FetchDataFromMvn -->
    </test> <!-- Test -->
  </suite> <!-- Suite -->
</testng-results>
